{"level":"info","message":"Listening on port 3000...","timestamp":"2019-07-04T22:25:02.827Z"}
{"level":"info","message":"Connected to mongodb://localhost/portfolio...","timestamp":"2019-07-04T22:25:03.871Z"}
{"level":"info","message":"Listening on port 3000...","timestamp":"2019-07-04T22:25:18.362Z"}
{"level":"info","message":"Connected to mongodb://localhost/portfolio...","timestamp":"2019-07-04T22:25:19.400Z"}
{"level":"info","message":"Listening on port 3000...","timestamp":"2019-07-04T22:30:48.917Z"}
{"level":"info","message":"Connected to mongodb://localhost/portfolio...","timestamp":"2019-07-04T22:30:49.957Z"}
{"level":"info","message":"Listening on port 3000...","timestamp":"2019-07-04T22:33:22.614Z"}
{"level":"info","message":"Connected to mongodb://localhost/portfolio...","timestamp":"2019-07-04T22:33:23.643Z"}
{"level":"info","message":"Listening on port 3000...","timestamp":"2019-07-04T22:35:22.778Z"}
{"level":"info","message":"Connected to mongodb://localhost/portfolio...","timestamp":"2019-07-04T22:35:23.813Z"}
{"level":"info","message":"Listening on port 3000...","timestamp":"2019-07-04T22:48:33.809Z"}
{"level":"info","message":"Connected to mongodb://localhost/portfolio...","timestamp":"2019-07-04T22:48:34.846Z"}
{"level":"info","message":"Listening on port 3000...","timestamp":"2019-07-04T22:48:41.238Z"}
{"level":"info","message":"Connected to mongodb://localhost/portfolio...","timestamp":"2019-07-04T22:48:42.266Z"}
{"level":"info","message":"Listening on port 3000...","timestamp":"2019-07-04T22:48:48.800Z"}
{"level":"info","message":"Connected to mongodb://localhost/portfolio...","timestamp":"2019-07-04T22:48:49.840Z"}
{"level":"info","message":"Listening on port 37...","timestamp":"2019-07-04T22:54:30.060Z"}
{"level":"info","message":"Listening on port 3700...","timestamp":"2019-07-04T22:54:31.971Z"}
{"level":"info","message":"Connected to mongodb://localhost/portfolio...","timestamp":"2019-07-04T22:54:33.023Z"}
{"level":"info","message":"Listening on port 3700...","timestamp":"2019-07-04T23:13:13.157Z"}
{"level":"info","message":"Listening on port 3700...","timestamp":"2019-07-05T00:03:25.889Z"}
{"level":"info","message":"Listening on port 3200...","timestamp":"2019-07-05T00:06:15.549Z"}
{"level":"info","message":"Connected to mongodb://localhost/portfolio...","timestamp":"2019-07-05T00:06:16.758Z"}
{"level":"info","message":"Listening on port 3200...","timestamp":"2019-07-07T02:45:43.056Z"}
{"level":"info","message":"Listening on port 3200...","timestamp":"2019-07-07T02:46:52.045Z"}
{"level":"info","message":"Listening on port 3200...","timestamp":"2019-07-07T02:47:04.398Z"}
{"level":"info","message":"Listening on port 3200...","timestamp":"2019-07-07T02:47:08.274Z"}
{"level":"info","message":"Listening on port 3200...","timestamp":"2019-07-07T02:47:31.611Z"}
{"level":"info","message":"Listening on port 3200...","timestamp":"2019-07-07T03:45:49.794Z"}
{"level":"info","message":"Connected to mongodb://localhost/portfolio...","timestamp":"2019-07-07T03:45:50.853Z"}
{"level":"info","message":"Listening on port 3200...","timestamp":"2019-07-07T21:57:02.962Z"}
{"level":"info","message":"Connected to mongodb://localhost/portfolio...","timestamp":"2019-07-07T21:57:04.106Z"}
{"level":"info","message":"Listening on port 3200...","timestamp":"2019-07-07T22:01:30.254Z"}
{"level":"info","message":"Connected to mongodb://localhost/portfolio...","timestamp":"2019-07-07T22:01:31.415Z"}
{"level":"info","message":"Listening on port 3200...","timestamp":"2019-07-07T22:01:59.189Z"}
{"level":"info","message":"Connected to mongodb://localhost/portfolio...","timestamp":"2019-07-07T22:02:00.246Z"}
{"level":"info","message":"Listening on port 3200...","timestamp":"2019-07-07T22:02:22.486Z"}
{"level":"info","message":"Connected to mongodb://localhost/portfolio...","timestamp":"2019-07-07T22:02:23.539Z"}
{"level":"info","message":"Listening on port 3200...","timestamp":"2019-07-07T22:05:08.210Z"}
{"level":"info","message":"Connected to mongodb://localhost/portfolio...","timestamp":"2019-07-07T22:05:09.257Z"}
{"level":"info","message":"Listening on port 3200...","timestamp":"2019-07-07T22:05:59.033Z"}
{"level":"info","message":"Connected to mongodb://localhost/portfolio...","timestamp":"2019-07-07T22:06:00.125Z"}
{"level":"info","message":"Listening on port 3200...","timestamp":"2019-07-07T22:08:09.435Z"}
{"level":"info","message":"Connected to mongodb://localhost/portfolio...","timestamp":"2019-07-07T22:08:10.492Z"}
{"level":"info","message":"Listening on port 3200...","timestamp":"2019-07-07T22:12:51.339Z"}
{"level":"info","message":"Connected to mongodb://localhost/portfolio...","timestamp":"2019-07-07T22:12:52.417Z"}
{"level":"info","message":"Listening on port 3200...","timestamp":"2019-07-07T22:12:57.502Z"}
{"level":"info","message":"Connected to mongodb://localhost/portfolio...","timestamp":"2019-07-07T22:12:58.575Z"}
{"level":"info","message":"Listening on port 3200...","timestamp":"2019-07-07T22:15:06.214Z"}
{"level":"info","message":"Connected to mongodb://localhost/portfolio...","timestamp":"2019-07-07T22:15:07.311Z"}
{"level":"info","message":"Listening on port 3200...","timestamp":"2019-07-07T22:15:26.911Z"}
{"level":"info","message":"Connected to mongodb://localhost/portfolio...","timestamp":"2019-07-07T22:15:27.973Z"}
{"level":"info","message":"Listening on port 3200...","timestamp":"2019-07-07T22:15:33.562Z"}
{"level":"info","message":"Connected to mongodb://localhost/portfolio...","timestamp":"2019-07-07T22:15:34.671Z"}
{"level":"info","message":"Listening on port 3200...","timestamp":"2019-07-07T22:23:56.829Z"}
{"level":"info","message":"Connected to mongodb://localhost/portfolio...","timestamp":"2019-07-07T22:23:57.893Z"}
{"level":"info","message":"Listening on port 3200...","timestamp":"2019-07-07T22:26:42.821Z"}
{"level":"info","message":"Connected to mongodb://localhost/portfolio...","timestamp":"2019-07-07T22:26:43.925Z"}
{"level":"info","message":"Listening on port 3200...","timestamp":"2019-07-07T22:35:18.237Z"}
{"level":"info","message":"Connected to mongodb://localhost/portfolio...","timestamp":"2019-07-07T22:35:19.372Z"}
{"level":"info","message":"Listening on port 3200...","timestamp":"2019-07-07T22:40:24.185Z"}
{"level":"info","message":"Connected to mongodb://localhost/portfolio...","timestamp":"2019-07-07T22:40:25.302Z"}
{"level":"info","message":"Listening on port 3200...","timestamp":"2019-07-07T22:46:40.006Z"}
{"level":"info","message":"Connected to mongodb://localhost/portfolio...","timestamp":"2019-07-07T22:46:41.071Z"}
{"level":"info","message":"Listening on port 3200...","timestamp":"2019-07-07T22:47:01.366Z"}
{"level":"info","message":"Connected to mongodb://localhost/portfolio...","timestamp":"2019-07-07T22:47:02.501Z"}
{"level":"info","message":"Listening on port 3200...","timestamp":"2019-07-07T22:47:52.728Z"}
{"level":"info","message":"Listening on port 3200...","timestamp":"2019-07-07T22:47:57.005Z"}
{"level":"info","message":"Connected to mongodb://localhost/portfolio...","timestamp":"2019-07-07T22:47:58.098Z"}
{"level":"info","message":"Listening on port 3200...","timestamp":"2019-07-07T22:50:26.927Z"}
{"level":"info","message":"Connected to mongodb://localhost/portfolio...","timestamp":"2019-07-07T22:50:28.052Z"}
{"level":"info","message":"Listening on port 3200...","timestamp":"2019-07-07T22:50:37.601Z"}
{"level":"info","message":"Connected to mongodb://localhost/portfolio...","timestamp":"2019-07-07T22:50:38.745Z"}
{"level":"info","message":"Listening on port 3200...","timestamp":"2019-07-07T22:51:20.971Z"}
{"level":"info","message":"Connected to mongodb://localhost/portfolio...","timestamp":"2019-07-07T22:51:22.078Z"}
{"level":"info","message":"Listening on port 3200...","timestamp":"2019-07-07T22:51:38.923Z"}
{"level":"info","message":"Connected to mongodb://localhost/portfolio...","timestamp":"2019-07-07T22:51:39.991Z"}
{"level":"info","message":"Listening on port 3200...","timestamp":"2019-07-07T22:54:32.920Z"}
{"level":"info","message":"Connected to mongodb://localhost/portfolio...","timestamp":"2019-07-07T22:54:33.987Z"}
{"level":"info","message":"Listening on port 3200...","timestamp":"2019-07-07T22:58:20.943Z"}
{"level":"info","message":"Connected to mongodb://localhost/portfolio...","timestamp":"2019-07-07T22:58:22.114Z"}
{"level":"info","message":"Listening on port 3200...","timestamp":"2019-07-08T03:20:06.809Z"}
{"level":"info","message":"Connected to mongodb://localhost/portfolio...","timestamp":"2019-07-08T03:20:07.846Z"}
{"level":"info","message":"Listening on port 3200...","timestamp":"2019-07-08T03:21:01.029Z"}
{"level":"info","message":"Connected to mongodb://localhost/portfolio...","timestamp":"2019-07-08T03:21:02.092Z"}
{"message":"User.findByIdAndDELETE is not a function","stack":"TypeError: User.findByIdAndDELETE is not a function\n    at deleteUser (C:\\Users\\dnnxl\\Documents\\GitHub\\My-web-page\\server\\controllers\\user.js:88:14)\n    at Layer.handle [as handle_request] (C:\\Users\\dnnxl\\Documents\\GitHub\\My-web-page\\server\\node_modules\\express\\lib\\router\\layer.js:95:5)\n    at next (C:\\Users\\dnnxl\\Documents\\GitHub\\My-web-page\\server\\node_modules\\express\\lib\\router\\route.js:137:13)\n    at module.exports (C:\\Users\\dnnxl\\Documents\\GitHub\\My-web-page\\server\\middleware\\auth.js:13:5)\n    at Layer.handle [as handle_request] (C:\\Users\\dnnxl\\Documents\\GitHub\\My-web-page\\server\\node_modules\\express\\lib\\router\\layer.js:95:5)\n    at next (C:\\Users\\dnnxl\\Documents\\GitHub\\My-web-page\\server\\node_modules\\express\\lib\\router\\route.js:137:13)\n    at Route.dispatch (C:\\Users\\dnnxl\\Documents\\GitHub\\My-web-page\\server\\node_modules\\express\\lib\\router\\route.js:112:3)\n    at Layer.handle [as handle_request] (C:\\Users\\dnnxl\\Documents\\GitHub\\My-web-page\\server\\node_modules\\express\\lib\\router\\layer.js:95:5)\n    at C:\\Users\\dnnxl\\Documents\\GitHub\\My-web-page\\server\\node_modules\\express\\lib\\router\\index.js:281:22\n    at param (C:\\Users\\dnnxl\\Documents\\GitHub\\My-web-page\\server\\node_modules\\express\\lib\\router\\index.js:354:14)\n    at param (C:\\Users\\dnnxl\\Documents\\GitHub\\My-web-page\\server\\node_modules\\express\\lib\\router\\index.js:365:14)\n    at Function.process_params (C:\\Users\\dnnxl\\Documents\\GitHub\\My-web-page\\server\\node_modules\\express\\lib\\router\\index.js:410:3)\n    at next (C:\\Users\\dnnxl\\Documents\\GitHub\\My-web-page\\server\\node_modules\\express\\lib\\router\\index.js:275:10)\n    at Function.handle (C:\\Users\\dnnxl\\Documents\\GitHub\\My-web-page\\server\\node_modules\\express\\lib\\router\\index.js:174:3)\n    at router (C:\\Users\\dnnxl\\Documents\\GitHub\\My-web-page\\server\\node_modules\\express\\lib\\router\\index.js:47:12)\n    at Layer.handle [as handle_request] (C:\\Users\\dnnxl\\Documents\\GitHub\\My-web-page\\server\\node_modules\\express\\lib\\router\\layer.js:95:5)","level":"error","timestamp":"2019-07-08T03:25:47.084Z"}
{"level":"info","message":"Listening on port 3200...","timestamp":"2019-07-08T03:26:26.166Z"}
{"level":"info","message":"Connected to mongodb://localhost/portfolio...","timestamp":"2019-07-08T03:26:27.417Z"}
{"level":"info","message":"Listening on port 3200...","timestamp":"2019-07-08T03:45:25.609Z"}
{"level":"info","message":"Connected to mongodb://localhost/portfolio...","timestamp":"2019-07-08T03:45:26.646Z"}
{"level":"info","message":"Listening on port 3200...","timestamp":"2019-07-08T03:46:44.506Z"}
{"level":"info","message":"Connected to mongodb://localhost/portfolio...","timestamp":"2019-07-08T03:46:45.554Z"}
{"level":"info","message":"Listening on port 3200...","timestamp":"2019-07-08T03:48:25.469Z"}
{"level":"info","message":"Connected to mongodb://localhost/portfolio...","timestamp":"2019-07-08T03:48:26.500Z"}
{"level":"info","message":"Listening on port 3200...","timestamp":"2019-07-08T04:14:11.783Z"}
{"level":"info","message":"Connected to mongodb://localhost/portfolio...","timestamp":"2019-07-08T04:14:12.943Z"}
{"level":"info","message":"Listening on port 3200...","timestamp":"2019-07-08T04:19:11.755Z"}
{"level":"info","message":"Connected to mongodb://localhost/portfolio...","timestamp":"2019-07-08T04:19:12.809Z"}
{"level":"info","message":"Listening on port 3200...","timestamp":"2019-07-08T04:19:17.051Z"}
{"level":"info","message":"Connected to mongodb://localhost/portfolio...","timestamp":"2019-07-08T04:19:18.181Z"}
{"level":"info","message":"Listening on port 3200...","timestamp":"2019-07-08T04:19:22.533Z"}
{"level":"info","message":"Connected to mongodb://localhost/portfolio...","timestamp":"2019-07-08T04:19:23.582Z"}
{"level":"info","message":"Listening on port 3200...","timestamp":"2019-07-08T04:22:59.534Z"}
{"level":"info","message":"Connected to mongodb://localhost/portfolio...","timestamp":"2019-07-08T04:23:00.579Z"}
{"message":"UserId is not defined","stack":"ReferenceError: UserId is not defined\n    at getUsers (C:\\Users\\dnnxl\\Documents\\GitHub\\My-web-page\\server\\controllers\\user.js:59:9)\n    at Layer.handle [as handle_request] (C:\\Users\\dnnxl\\Documents\\GitHub\\My-web-page\\server\\node_modules\\express\\lib\\router\\layer.js:95:5)\n    at next (C:\\Users\\dnnxl\\Documents\\GitHub\\My-web-page\\server\\node_modules\\express\\lib\\router\\route.js:137:13)\n    at module.exports (C:\\Users\\dnnxl\\Documents\\GitHub\\My-web-page\\server\\middleware\\admin.js:8:5)\n    at Layer.handle [as handle_request] (C:\\Users\\dnnxl\\Documents\\GitHub\\My-web-page\\server\\node_modules\\express\\lib\\router\\layer.js:95:5)\n    at next (C:\\Users\\dnnxl\\Documents\\GitHub\\My-web-page\\server\\node_modules\\express\\lib\\router\\route.js:137:13)\n    at module.exports (C:\\Users\\dnnxl\\Documents\\GitHub\\My-web-page\\server\\middleware\\auth.js:13:5)\n    at Layer.handle [as handle_request] (C:\\Users\\dnnxl\\Documents\\GitHub\\My-web-page\\server\\node_modules\\express\\lib\\router\\layer.js:95:5)\n    at next (C:\\Users\\dnnxl\\Documents\\GitHub\\My-web-page\\server\\node_modules\\express\\lib\\router\\route.js:137:13)\n    at Route.dispatch (C:\\Users\\dnnxl\\Documents\\GitHub\\My-web-page\\server\\node_modules\\express\\lib\\router\\route.js:112:3)\n    at Layer.handle [as handle_request] (C:\\Users\\dnnxl\\Documents\\GitHub\\My-web-page\\server\\node_modules\\express\\lib\\router\\layer.js:95:5)\n    at C:\\Users\\dnnxl\\Documents\\GitHub\\My-web-page\\server\\node_modules\\express\\lib\\router\\index.js:281:22\n    at Function.process_params (C:\\Users\\dnnxl\\Documents\\GitHub\\My-web-page\\server\\node_modules\\express\\lib\\router\\index.js:335:12)\n    at next (C:\\Users\\dnnxl\\Documents\\GitHub\\My-web-page\\server\\node_modules\\express\\lib\\router\\index.js:275:10)\n    at Function.handle (C:\\Users\\dnnxl\\Documents\\GitHub\\My-web-page\\server\\node_modules\\express\\lib\\router\\index.js:174:3)\n    at router (C:\\Users\\dnnxl\\Documents\\GitHub\\My-web-page\\server\\node_modules\\express\\lib\\router\\index.js:47:12)","level":"error","timestamp":"2019-07-08T04:27:34.285Z"}
{"level":"info","message":"Listening on port 3200...","timestamp":"2019-07-08T04:28:05.374Z"}
{"level":"info","message":"Connected to mongodb://localhost/portfolio...","timestamp":"2019-07-08T04:28:06.428Z"}
{"level":"info","message":"Listening on port 3200...","timestamp":"2019-07-08T04:28:42.786Z"}
{"level":"info","message":"Connected to mongodb://localhost/portfolio...","timestamp":"2019-07-08T04:28:43.824Z"}
{"level":"info","message":"Listening on port 3200...","timestamp":"2019-07-08T04:29:10.120Z"}
{"level":"info","message":"Connected to mongodb://localhost/portfolio...","timestamp":"2019-07-08T04:29:11.180Z"}
{"level":"info","message":"Listening on port 3200...","timestamp":"2019-07-08T04:29:13.153Z"}
{"level":"info","message":"Connected to mongodb://localhost/portfolio...","timestamp":"2019-07-08T04:29:14.196Z"}
{"level":"info","message":"Listening on port 3200...","timestamp":"2019-07-08T04:29:17.878Z"}
{"level":"info","message":"Connected to mongodb://localhost/portfolio...","timestamp":"2019-07-08T04:29:18.914Z"}
{"level":"info","message":"Listening on port 3200...","timestamp":"2019-07-08T04:29:23.387Z"}
{"level":"info","message":"Connected to mongodb://localhost/portfolio...","timestamp":"2019-07-08T04:29:24.439Z"}
{"level":"info","message":"Listening on port 3200...","timestamp":"2019-07-08T04:29:27.896Z"}
{"level":"info","message":"Connected to mongodb://localhost/portfolio...","timestamp":"2019-07-08T04:29:28.951Z"}
{"level":"info","message":"Listening on port 3200...","timestamp":"2019-07-08T04:29:30.778Z"}
{"level":"info","message":"Connected to mongodb://localhost/portfolio...","timestamp":"2019-07-08T04:29:31.808Z"}
{"level":"info","message":"Listening on port 3200...","timestamp":"2019-07-08T04:30:20.249Z"}
{"message":"User.find(...).exe is not a function","stack":"TypeError: User.find(...).exe is not a function\n    at getUsers (C:\\Users\\dnnxl\\Documents\\GitHub\\My-web-page\\server\\controllers\\user.js:57:24)\n    at Layer.handle [as handle_request] (C:\\Users\\dnnxl\\Documents\\GitHub\\My-web-page\\server\\node_modules\\express\\lib\\router\\layer.js:95:5)\n    at next (C:\\Users\\dnnxl\\Documents\\GitHub\\My-web-page\\server\\node_modules\\express\\lib\\router\\route.js:137:13)\n    at module.exports (C:\\Users\\dnnxl\\Documents\\GitHub\\My-web-page\\server\\middleware\\admin.js:8:5)\n    at Layer.handle [as handle_request] (C:\\Users\\dnnxl\\Documents\\GitHub\\My-web-page\\server\\node_modules\\express\\lib\\router\\layer.js:95:5)\n    at next (C:\\Users\\dnnxl\\Documents\\GitHub\\My-web-page\\server\\node_modules\\express\\lib\\router\\route.js:137:13)\n    at module.exports (C:\\Users\\dnnxl\\Documents\\GitHub\\My-web-page\\server\\middleware\\auth.js:13:5)\n    at Layer.handle [as handle_request] (C:\\Users\\dnnxl\\Documents\\GitHub\\My-web-page\\server\\node_modules\\express\\lib\\router\\layer.js:95:5)\n    at next (C:\\Users\\dnnxl\\Documents\\GitHub\\My-web-page\\server\\node_modules\\express\\lib\\router\\route.js:137:13)\n    at Route.dispatch (C:\\Users\\dnnxl\\Documents\\GitHub\\My-web-page\\server\\node_modules\\express\\lib\\router\\route.js:112:3)\n    at Layer.handle [as handle_request] (C:\\Users\\dnnxl\\Documents\\GitHub\\My-web-page\\server\\node_modules\\express\\lib\\router\\layer.js:95:5)\n    at C:\\Users\\dnnxl\\Documents\\GitHub\\My-web-page\\server\\node_modules\\express\\lib\\router\\index.js:281:22\n    at Function.process_params (C:\\Users\\dnnxl\\Documents\\GitHub\\My-web-page\\server\\node_modules\\express\\lib\\router\\index.js:335:12)\n    at next (C:\\Users\\dnnxl\\Documents\\GitHub\\My-web-page\\server\\node_modules\\express\\lib\\router\\index.js:275:10)\n    at Function.handle (C:\\Users\\dnnxl\\Documents\\GitHub\\My-web-page\\server\\node_modules\\express\\lib\\router\\index.js:174:3)\n    at router (C:\\Users\\dnnxl\\Documents\\GitHub\\My-web-page\\server\\node_modules\\express\\lib\\router\\index.js:47:12)","level":"error","timestamp":"2019-07-08T04:30:21.161Z"}
{"level":"info","message":"Connected to mongodb://localhost/portfolio...","timestamp":"2019-07-08T04:30:21.290Z"}
{"level":"info","message":"Listening on port 3200...","timestamp":"2019-07-08T04:30:56.025Z"}
{"level":"info","message":"Connected to mongodb://localhost/portfolio...","timestamp":"2019-07-08T04:30:57.075Z"}
{"level":"info","message":"Listening on port 3200...","timestamp":"2019-07-08T04:31:05.520Z"}
{"level":"info","message":"Connected to mongodb://localhost/portfolio...","timestamp":"2019-07-08T04:31:06.562Z"}
{"message":"User.find(...).exe is not a function","stack":"TypeError: User.find(...).exe is not a function\n    at getUsers (C:\\Users\\dnnxl\\Documents\\GitHub\\My-web-page\\server\\controllers\\user.js:57:21)\n    at Layer.handle [as handle_request] (C:\\Users\\dnnxl\\Documents\\GitHub\\My-web-page\\server\\node_modules\\express\\lib\\router\\layer.js:95:5)\n    at next (C:\\Users\\dnnxl\\Documents\\GitHub\\My-web-page\\server\\node_modules\\express\\lib\\router\\route.js:137:13)\n    at module.exports (C:\\Users\\dnnxl\\Documents\\GitHub\\My-web-page\\server\\middleware\\admin.js:8:5)\n    at Layer.handle [as handle_request] (C:\\Users\\dnnxl\\Documents\\GitHub\\My-web-page\\server\\node_modules\\express\\lib\\router\\layer.js:95:5)\n    at next (C:\\Users\\dnnxl\\Documents\\GitHub\\My-web-page\\server\\node_modules\\express\\lib\\router\\route.js:137:13)\n    at module.exports (C:\\Users\\dnnxl\\Documents\\GitHub\\My-web-page\\server\\middleware\\auth.js:13:5)\n    at Layer.handle [as handle_request] (C:\\Users\\dnnxl\\Documents\\GitHub\\My-web-page\\server\\node_modules\\express\\lib\\router\\layer.js:95:5)\n    at next (C:\\Users\\dnnxl\\Documents\\GitHub\\My-web-page\\server\\node_modules\\express\\lib\\router\\route.js:137:13)\n    at Route.dispatch (C:\\Users\\dnnxl\\Documents\\GitHub\\My-web-page\\server\\node_modules\\express\\lib\\router\\route.js:112:3)\n    at Layer.handle [as handle_request] (C:\\Users\\dnnxl\\Documents\\GitHub\\My-web-page\\server\\node_modules\\express\\lib\\router\\layer.js:95:5)\n    at C:\\Users\\dnnxl\\Documents\\GitHub\\My-web-page\\server\\node_modules\\express\\lib\\router\\index.js:281:22\n    at Function.process_params (C:\\Users\\dnnxl\\Documents\\GitHub\\My-web-page\\server\\node_modules\\express\\lib\\router\\index.js:335:12)\n    at next (C:\\Users\\dnnxl\\Documents\\GitHub\\My-web-page\\server\\node_modules\\express\\lib\\router\\index.js:275:10)\n    at Function.handle (C:\\Users\\dnnxl\\Documents\\GitHub\\My-web-page\\server\\node_modules\\express\\lib\\router\\index.js:174:3)\n    at router (C:\\Users\\dnnxl\\Documents\\GitHub\\My-web-page\\server\\node_modules\\express\\lib\\router\\index.js:47:12)","level":"error","timestamp":"2019-07-08T04:31:08.058Z"}
{"level":"info","message":"Listening on port 3200...","timestamp":"2019-07-08T04:33:45.188Z"}
{"level":"info","message":"Connected to mongodb://localhost/portfolio...","timestamp":"2019-07-08T04:33:46.217Z"}
{"level":"info","message":"Listening on port 3200...","timestamp":"2019-07-08T04:36:06.972Z"}
{"level":"info","message":"Connected to mongodb://localhost/portfolio...","timestamp":"2019-07-08T04:36:08.008Z"}
